Построение начато 16.12.2022 8:35:23.
     1>Проект "H:\Вартанов Алексей 21ВВ1\2 курс\отчёты\Алгоритмы и т.д\в прогрессе\Algoritm9Lab\lab9.1(В ширину)\lab9.1\lab9.1.vcxproj" в узле 2 (целевые объекты build).
     1>InitializeBuildStatus:
         Создание "Debug\lab9.1.unsuccessfulbuild", так как было задано "AlwaysCreate".
       ClCompile:
         C:\Program Files\Microsoft Visual Studio 10.0\VC\bin\CL.exe /c /ZI /nologo /W3 /WX- /Od /Oy- /D WIN32 /D _DEBUG /D _CONSOLE /D _UNICODE /D UNICODE /Gm /EHsc /RTC1 /MDd /GS /fp:precise /Zc:wchar_t /Zc:forScope /Fo"Debug\\" /Fd"Debug\vc100.pdb" /Gd /TP /analyze- /errorReport:prompt main.cpp
         main.cpp
     1>h:\вартанов алексей 21вв1\2 курс\отчёты\алгоритмы и т.д\в прогрессе\algoritm9lab\lab9.1(в ширину)\lab9.1\main.cpp(36): warning C4996: 'scanf': This function or variable may be unsafe. Consider using scanf_s instead. To disable deprecation, use _CRT_SECURE_NO_WARNINGS. See online help for details.
                 c:\program files\microsoft visual studio 10.0\vc\include\stdio.h(304): см. объявление "scanf"
     1>h:\вартанов алексей 21вв1\2 курс\отчёты\алгоритмы и т.д\в прогрессе\algoritm9lab\lab9.1(в ширину)\lab9.1\main.cpp(41): warning C4244: аргумент: преобразование "time_t" в "unsigned int", возможна потеря данных
       Link:
         C:\Program Files\Microsoft Visual Studio 10.0\VC\bin\link.exe /ERRORREPORT:PROMPT /OUT:"H:\Вартанов Алексей 21ВВ1\2 курс\отчёты\Алгоритмы и т.д\в прогрессе\Algoritm9Lab\lab9.1(В ширину)\Debug\lab9.1.exe" /INCREMENTAL:NO /NOLOGO kernel32.lib user32.lib gdi32.lib winspool.lib comdlg32.lib advapi32.lib shell32.lib ole32.lib oleaut32.lib uuid.lib odbc32.lib odbccp32.lib /MANIFEST /ManifestFile:"Debug\lab9.1.exe.intermediate.manifest" /MANIFESTUAC:"level='asInvoker' uiAccess='false'" /DEBUG /PDB:"H:\Вартанов Алексей 21ВВ1\2 курс\отчёты\Алгоритмы и т.д\в прогрессе\Algoritm9Lab\lab9.1(В ширину)\Debug\lab9.1.pdb" /SUBSYSTEM:CONSOLE /TLBID:1 /DYNAMICBASE /NXCOMPAT /IMPLIB:"H:\Вартанов Алексей 21ВВ1\2 курс\отчёты\Алгоритмы и т.д\в прогрессе\Algoritm9Lab\lab9.1(В ширину)\Debug\lab9.1.lib" /MACHINE:X86 Debug\main.obj
     1>main.obj : warning LNK4075: не учитывается "/EDITANDCONTINUE" из-за спецификации "/INCREMENTAL:NO"
         lab9.1.vcxproj -> H:\Вартанов Алексей 21ВВ1\2 курс\отчёты\Алгоритмы и т.д\в прогрессе\Algoritm9Lab\lab9.1(В ширину)\Debug\lab9.1.exe
       Manifest:
         C:\Program Files\Microsoft SDKs\Windows\v7.0A\bin\mt.exe /nologo /verbose /outputresource:"H:\Вартанов Алексей 21ВВ1\2 курс\отчёты\Алгоритмы и т.д\в прогрессе\Algoritm9Lab\lab9.1(В ширину)\Debug\lab9.1.exe;#1" /manifest Debug\lab9.1.exe.intermediate.manifest
       FinalizeBuildStatus:
         Файл "Debug\lab9.1.unsuccessfulbuild" удаляется.
         Обращение к "Debug\lab9.1.lastbuildstate".
     1>Построение проекта "H:\Вартанов Алексей 21ВВ1\2 курс\отчёты\Алгоритмы и т.д\в прогрессе\Algoritm9Lab\lab9.1(В ширину)\lab9.1\lab9.1.vcxproj" завершено (целевые объекты build).

Построение успешно завершено.

Затраченное время: 00:00:03.60
